<?xml version="1.0" encoding="UTF-8" ?>
<testsuite tests="10" failures="0" name="org.apache.ftpserver.util.SocketAddressEncoderTest" time="0.005" errors="0" skipped="0">
  <properties>
    <property name="java.runtime.name" value="Java(TM) SE Runtime Environment"/>
    <property name="sun.boot.library.path" value="/Library/Java/JavaVirtualMachines/jdk1.8.0_144.jdk/Contents/Home/jre/lib"/>
    <property name="java.vm.version" value="25.144-b01"/>
    <property name="gopherProxySet" value="false"/>
    <property name="java.vm.vendor" value="Oracle Corporation"/>
    <property name="java.vendor.url" value="http://java.oracle.com/"/>
    <property name="path.separator" value=":"/>
    <property name="java.vm.name" value="Java HotSpot(TM) 64-Bit Server VM"/>
    <property name="file.encoding.pkg" value="sun.io"/>
    <property name="user.country" value="US"/>
    <property name="sun.java.launcher" value="SUN_STANDARD"/>
    <property name="sun.os.patch.level" value="unknown"/>
    <property name="java.vm.specification.name" value="Java Virtual Machine Specification"/>
    <property name="user.dir" value="/Users/SKheberi/git/ftpserver/core"/>
    <property name="java.runtime.version" value="1.8.0_144-b01"/>
    <property name="java.awt.graphicsenv" value="sun.awt.CGraphicsEnvironment"/>
    <property name="basedir" value="/Users/SKheberi/git/ftpserver/core"/>
    <property name="java.endorsed.dirs" value="/Library/Java/JavaVirtualMachines/jdk1.8.0_144.jdk/Contents/Home/jre/lib/endorsed"/>
    <property name="os.arch" value="x86_64"/>
    <property name="surefire.real.class.path" value="/Users/SKheberi/git/ftpserver/core/target/surefire/surefirebooter8419332652549270547.jar"/>
    <property name="java.io.tmpdir" value="/var/folders/tw/qt67dp6s0p7_fr53mm1rvf780000gn/T/"/>
    <property name="line.separator" value="
"/>
    <property name="java.vm.specification.vendor" value="Oracle Corporation"/>
    <property name="os.name" value="Mac OS X"/>
    <property name="port2" value="3333"/>
    <property name="sun.jnu.encoding" value="UTF-8"/>
    <property name="java.library.path" value="/Users/SKheberi/Library/Java/Extensions:/Library/Java/Extensions:/Network/Library/Java/Extensions:/System/Library/Java/Extensions:/usr/lib/java:."/>
    <property name="surefire.test.class.path" value="/Users/SKheberi/git/ftpserver/core/target/test-classes:/Users/SKheberi/git/ftpserver/core/target/classes:/Users/SKheberi/git/ftpserver/ftplet-api/target/ftplet-api-1.1.0-SNAPSHOT.jar:/Users/SKheberi/.m2/repository/org/slf4j/slf4j-api/1.6.4/slf4j-api-1.6.4.jar:/Users/SKheberi/.m2/repository/org/apache/mina/mina-core/2.0.4/mina-core-2.0.4.jar:/Users/SKheberi/.m2/repository/org/springframework/spring-context/2.5.5/spring-context-2.5.5.jar:/Users/SKheberi/.m2/repository/aopalliance/aopalliance/1.0/aopalliance-1.0.jar:/Users/SKheberi/.m2/repository/org/springframework/spring-beans/2.5.5/spring-beans-2.5.5.jar:/Users/SKheberi/.m2/repository/org/springframework/spring-core/2.5.5/spring-core-2.5.5.jar:/Users/SKheberi/.m2/repository/org/slf4j/jcl-over-slf4j/1.6.4/jcl-over-slf4j-1.6.4.jar:/Users/SKheberi/.m2/repository/commons-net/commons-net/2.0/commons-net-2.0.jar:/Users/SKheberi/.m2/repository/org/slf4j/slf4j-log4j12/1.6.4/slf4j-log4j12-1.6.4.jar:/Users/SKheberi/.m2/repository/log4j/log4j/1.2.14/log4j-1.2.14.jar:/Users/SKheberi/.m2/repository/junit/junit/4.8.2/junit-4.8.2.jar:/Users/SKheberi/.m2/repository/commons-codec/commons-codec/1.3/commons-codec-1.3.jar:/Users/SKheberi/.m2/repository/hsqldb/hsqldb/1.8.0.7/hsqldb-1.8.0.7.jar:"/>
    <property name="java.specification.name" value="Java Platform API Specification"/>
    <property name="java.class.version" value="52.0"/>
    <property name="sun.management.compiler" value="HotSpot 64-Bit Tiered Compilers"/>
    <property name="os.version" value="10.11.6"/>
    <property name="http.nonProxyHosts" value="local|*.local|169.254/16|*.169.254/16"/>
    <property name="user.home" value="/Users/SKheberi"/>
    <property name="user.timezone" value="America/Los_Angeles"/>
    <property name="java.awt.printerjob" value="sun.lwawt.macosx.CPrinterJob"/>
    <property name="java.specification.version" value="1.8"/>
    <property name="file.encoding" value="UTF-8"/>
    <property name="user.name" value="SKheberi"/>
    <property name="java.class.path" value="/Users/SKheberi/git/ftpserver/core/target/test-classes:/Users/SKheberi/git/ftpserver/core/target/classes:/Users/SKheberi/git/ftpserver/ftplet-api/target/ftplet-api-1.1.0-SNAPSHOT.jar:/Users/SKheberi/.m2/repository/org/slf4j/slf4j-api/1.6.4/slf4j-api-1.6.4.jar:/Users/SKheberi/.m2/repository/org/apache/mina/mina-core/2.0.4/mina-core-2.0.4.jar:/Users/SKheberi/.m2/repository/org/springframework/spring-context/2.5.5/spring-context-2.5.5.jar:/Users/SKheberi/.m2/repository/aopalliance/aopalliance/1.0/aopalliance-1.0.jar:/Users/SKheberi/.m2/repository/org/springframework/spring-beans/2.5.5/spring-beans-2.5.5.jar:/Users/SKheberi/.m2/repository/org/springframework/spring-core/2.5.5/spring-core-2.5.5.jar:/Users/SKheberi/.m2/repository/org/slf4j/jcl-over-slf4j/1.6.4/jcl-over-slf4j-1.6.4.jar:/Users/SKheberi/.m2/repository/commons-net/commons-net/2.0/commons-net-2.0.jar:/Users/SKheberi/.m2/repository/org/slf4j/slf4j-log4j12/1.6.4/slf4j-log4j12-1.6.4.jar:/Users/SKheberi/.m2/repository/log4j/log4j/1.2.14/log4j-1.2.14.jar:/Users/SKheberi/.m2/repository/junit/junit/4.8.2/junit-4.8.2.jar:/Users/SKheberi/.m2/repository/commons-codec/commons-codec/1.3/commons-codec-1.3.jar:/Users/SKheberi/.m2/repository/hsqldb/hsqldb/1.8.0.7/hsqldb-1.8.0.7.jar:"/>
    <property name="java.vm.specification.version" value="1.8"/>
    <property name="sun.arch.data.model" value="64"/>
    <property name="java.home" value="/Library/Java/JavaVirtualMachines/jdk1.8.0_144.jdk/Contents/Home/jre"/>
    <property name="sun.java.command" value="/Users/SKheberi/git/ftpserver/core/target/surefire/surefirebooter8419332652549270547.jar /Users/SKheberi/git/ftpserver/core/target/surefire/surefire2783675606871559939tmp /Users/SKheberi/git/ftpserver/core/target/surefire/surefire405146653851373658tmp"/>
    <property name="java.specification.vendor" value="Oracle Corporation"/>
    <property name="user.language" value="en"/>
    <property name="awt.toolkit" value="sun.lwawt.macosx.LWCToolkit"/>
    <property name="java.vm.info" value="mixed mode"/>
    <property name="java.version" value="1.8.0_144"/>
    <property name="java.ext.dirs" value="/Users/SKheberi/Library/Java/Extensions:/Library/Java/JavaVirtualMachines/jdk1.8.0_144.jdk/Contents/Home/jre/lib/ext:/Library/Java/Extensions:/Network/Library/Java/Extensions:/System/Library/Java/Extensions:/usr/lib/java"/>
    <property name="sun.boot.class.path" value="/Library/Java/JavaVirtualMachines/jdk1.8.0_144.jdk/Contents/Home/jre/lib/resources.jar:/Library/Java/JavaVirtualMachines/jdk1.8.0_144.jdk/Contents/Home/jre/lib/rt.jar:/Library/Java/JavaVirtualMachines/jdk1.8.0_144.jdk/Contents/Home/jre/lib/sunrsasign.jar:/Library/Java/JavaVirtualMachines/jdk1.8.0_144.jdk/Contents/Home/jre/lib/jsse.jar:/Library/Java/JavaVirtualMachines/jdk1.8.0_144.jdk/Contents/Home/jre/lib/jce.jar:/Library/Java/JavaVirtualMachines/jdk1.8.0_144.jdk/Contents/Home/jre/lib/charsets.jar:/Library/Java/JavaVirtualMachines/jdk1.8.0_144.jdk/Contents/Home/jre/lib/jfr.jar:/Library/Java/JavaVirtualMachines/jdk1.8.0_144.jdk/Contents/Home/jre/classes"/>
    <property name="java.vendor" value="Oracle Corporation"/>
    <property name="localRepository" value="/Users/SKheberi/.m2/repository"/>
    <property name="file.separator" value="/"/>
    <property name="java.vendor.url.bug" value="http://bugreport.sun.com/bugreport/"/>
    <property name="sun.cpu.endian" value="little"/>
    <property name="sun.io.unicode.encoding" value="UnicodeBig"/>
    <property name="socksNonProxyHosts" value="local|*.local|169.254/16|*.169.254/16"/>
    <property name="ftp.nonProxyHosts" value="local|*.local|169.254/16|*.169.254/16"/>
    <property name="sun.cpu.isalist" value=""/>
  </properties>
  <testcase classname="org.apache.ftpserver.util.SocketAddressEncoderTest" name="testEncodeLowPort" time="0"/>
  <testcase classname="org.apache.ftpserver.util.SocketAddressEncoderTest" name="testEncodeHighPort" time="0"/>
  <testcase classname="org.apache.ftpserver.util.SocketAddressEncoderTest" name="testEncodeIpNumber" time="0"/>
  <testcase classname="org.apache.ftpserver.util.SocketAddressEncoderTest" name="testDecodeLowPort" time="0"/>
  <testcase classname="org.apache.ftpserver.util.SocketAddressEncoderTest" name="testDecodeHighPort" time="0"/>
  <testcase classname="org.apache.ftpserver.util.SocketAddressEncoderTest" name="testDecodeTooFewTokens" time="0"/>
  <testcase classname="org.apache.ftpserver.util.SocketAddressEncoderTest" name="testDecodeTooManyTokens" time="0"/>
  <testcase classname="org.apache.ftpserver.util.SocketAddressEncoderTest" name="testDecodeToHighPort" time="0"/>
  <testcase classname="org.apache.ftpserver.util.SocketAddressEncoderTest" name="testDecodeIPTokenNotANumber" time="0"/>
  <testcase classname="org.apache.ftpserver.util.SocketAddressEncoderTest" name="testDecodePortTokenNotANumber" time="0"/>
</testsuite>